<?xml version="1.0" encoding="UTF-8"?>
<!-- Generated by org.testng.reporters.JUnitReportReporter -->
<testsuite skipped="0" hostname="LAPTOP-U8DLQ4PF" name="qaclickacademy.com.mavenjava1.RestAPITest" tests="2" failures="0" timestamp="2021-04-22T22:29:51 BST" time="0.005" errors="0">
  <testcase name="postJira" time="0.001" classname="qaclickacademy.com.mavenjava1.RestAPITest"/>
  <system-out/>
  <testcase name="deleteTwitter" time="0.004" classname="qaclickacademy.com.mavenjava1.RestAPITest"/>
  <system-out/>
</testsuite> <!-- qaclickacademy.com.mavenjava1.RestAPITest -->
