<?xml version="1.0" encoding="UTF-8"?>
<!-- Generated by org.testng.reporters.JUnitReportReporter -->
<testsuite skipped="0" hostname="LAPTOP-U8DLQ4PF" name="qaclickacademy.com.mavenjava1.AppiumTest" tests="2" failures="0" timestamp="2021-04-22T22:29:51 BST" time="0.000" errors="0">
  <testcase name="nativeApps" time="0.000" classname="qaclickacademy.com.mavenjava1.AppiumTest"/>
  <system-out/>
  <testcase name="IOSApps" time="0.000" classname="qaclickacademy.com.mavenjava1.AppiumTest"/>
  <system-out/>
</testsuite> <!-- qaclickacademy.com.mavenjava1.AppiumTest -->
